[0m19:15:40.735372 [debug] [MainThread]: Sending event: {'category': 'dbt', 'action': 'invocation', 'label': 'start', 'context': [<snowplow_tracker.self_describing_json.SelfDescribingJson object at 0x104711be0>, <snowplow_tracker.self_describing_json.SelfDescribingJson object at 0x10587fc50>, <snowplow_tracker.self_describing_json.SelfDescribingJson object at 0x10587fd90>]}


============================== 19:15:40.737829 | f6fed8e0-0f81-4d48-9cca-191cf210d3e7 ==============================
[0m19:15:40.737829 [info ] [MainThread]: Running with dbt=1.11.2
[0m19:15:40.738111 [debug] [MainThread]: running dbt with arguments {'printer_width': '80', 'version_check': 'True', 'log_path': 'logs', 'fail_fast': 'False', 'write_json': 'True', 'cache_selected_only': 'False', 'debug': 'False', 'profiles_dir': '/Users/sahejvasandi/.dbt', 'target_path': 'None', 'warn_error': 'None', 'warn_error_options': 'WarnErrorOptionsV2(error=[], warn=[], silence=[])', 'quiet': 'False', 'use_colors': 'True', 'static_parser': 'True', 'log_format': 'default', 'log_cache_events': 'False', 'introspect': 'True', 'no_print': 'None', 'partial_parse': 'True', 'send_anonymous_usage_stats': 'True', 'indirect_selection': 'eager', 'empty': 'None', 'invocation_command': 'dbt init nyc_taxi_dbt', 'use_experimental_parser': 'False'}
[0m19:15:40.746021 [info ] [MainThread]: Creating dbt configuration folder at /Users/sahejvasandi/.dbt
[0m19:15:40.746734 [debug] [MainThread]: Starter project path: /Users/sahejvasandi/cloud-data-pipeline/venv/lib/python3.13/site-packages/dbt/include/starter_project
[0m19:15:40.749664 [info ] [MainThread]: 
Your new dbt project "nyc_taxi_dbt" was created!

For more information on how to configure the profiles.yml file,
please consult the dbt documentation here:

  https://docs.getdbt.com/docs/configure-your-profile

One more thing:

Need help? Don't hesitate to reach out to us via GitHub issues or on Slack:

  https://community.getdbt.com/

Happy modeling!

[0m19:15:40.749848 [info ] [MainThread]: Setting up your profile.
[0m19:17:50.090932 [info ] [MainThread]: Profile nyc_taxi_dbt written to /Users/sahejvasandi/.dbt/profiles.yml using target's profile_template.yml and your supplied values. Run 'dbt debug' to validate the connection.
[0m19:17:50.099877 [debug] [MainThread]: Resource report: {"command_name": "init", "command_success": true, "command_wall_clock_time": 129.39772, "process_in_blocks": "0", "process_kernel_time": 0.727402, "process_mem_max_rss": "371589120", "process_out_blocks": "0", "process_user_time": 2.113173}
[0m19:17:50.105658 [debug] [MainThread]: Command `dbt init` succeeded at 19:17:50.104084 after 129.40 seconds
[0m19:17:50.115844 [debug] [MainThread]: Sending event: {'category': 'dbt', 'action': 'invocation', 'label': 'end', 'context': [<snowplow_tracker.self_describing_json.SelfDescribingJson object at 0x12a2b4e90>, <snowplow_tracker.self_describing_json.SelfDescribingJson object at 0x12a2cc830>, <snowplow_tracker.self_describing_json.SelfDescribingJson object at 0x12a3de250>]}
[0m19:17:50.120160 [debug] [MainThread]: Flushing usage events
[0m19:17:50.604890 [debug] [MainThread]: An error was encountered while trying to flush usage events
[0m19:24:57.769230 [debug] [MainThread]: Sending event: {'category': 'dbt', 'action': 'invocation', 'label': 'start', 'context': [<snowplow_tracker.self_describing_json.SelfDescribingJson object at 0x107e09be0>, <snowplow_tracker.self_describing_json.SelfDescribingJson object at 0x1094b7c50>, <snowplow_tracker.self_describing_json.SelfDescribingJson object at 0x1094b7d90>]}


============================== 19:24:57.771852 | aaa843eb-248c-4e68-a3fd-e67cbdec5b14 ==============================
[0m19:24:57.771852 [info ] [MainThread]: Running with dbt=1.11.2
[0m19:24:57.772159 [debug] [MainThread]: running dbt with arguments {'profiles_dir': '/Users/sahejvasandi/.dbt', 'write_json': 'True', 'empty': 'None', 'static_parser': 'True', 'log_format': 'default', 'send_anonymous_usage_stats': 'True', 'warn_error': 'None', 'fail_fast': 'False', 'introspect': 'True', 'invocation_command': 'dbt init nyc_taxi_dbt', 'use_colors': 'True', 'no_print': 'None', 'log_cache_events': 'False', 'log_path': 'logs', 'target_path': 'None', 'debug': 'False', 'cache_selected_only': 'False', 'quiet': 'False', 'warn_error_options': 'WarnErrorOptionsV2(error=[], warn=[], silence=[])', 'printer_width': '80', 'use_experimental_parser': 'False', 'indirect_selection': 'eager', 'version_check': 'True', 'partial_parse': 'True'}
[0m19:24:57.781274 [info ] [MainThread]: A project called nyc_taxi_dbt already exists here.
[0m19:24:57.782208 [debug] [MainThread]: Resource report: {"command_name": "init", "command_success": true, "command_wall_clock_time": 0.044421542, "process_in_blocks": "0", "process_kernel_time": 0.088733, "process_mem_max_rss": "111869952", "process_out_blocks": "0", "process_user_time": 0.498666}
[0m19:24:57.782433 [debug] [MainThread]: Command `dbt init` succeeded at 19:24:57.782390 after 0.04 seconds
[0m19:24:57.782584 [debug] [MainThread]: Sending event: {'category': 'dbt', 'action': 'invocation', 'label': 'end', 'context': [<snowplow_tracker.self_describing_json.SelfDescribingJson object at 0x1094cafd0>, <snowplow_tracker.self_describing_json.SelfDescribingJson object at 0x10958a570>, <snowplow_tracker.self_describing_json.SelfDescribingJson object at 0x10936d7b0>]}
[0m19:24:57.782735 [debug] [MainThread]: Flushing usage events
[0m19:24:58.011829 [debug] [MainThread]: An error was encountered while trying to flush usage events
